2021-12-29 00:59:52,463 WARN  [MessageBroker-2] PoolBase: Hikari - Failed to validate connection org.postgresql.jdbc.PgConnection@5f5c681a (This connection has been closed.). Possibly consider using a shorter maxLifetime value.
2021-12-29 00:59:52,473 WARN  [MessageBroker-2] PoolBase: Hikari - Failed to validate connection org.postgresql.jdbc.PgConnection@14d96f7e (This connection has been closed.). Possibly consider using a shorter maxLifetime value.
2021-12-29 00:59:52,475 WARN  [MessageBroker-2] PoolBase: Hikari - Failed to validate connection org.postgresql.jdbc.PgConnection@6b239b0 (This connection has been closed.). Possibly consider using a shorter maxLifetime value.
2021-12-29 00:59:52,478 WARN  [MessageBroker-2] PoolBase: Hikari - Failed to validate connection org.postgresql.jdbc.PgConnection@58a6c4ae (This connection has been closed.). Possibly consider using a shorter maxLifetime value.
2021-12-29 00:59:52,480 WARN  [MessageBroker-2] PoolBase: Hikari - Failed to validate connection org.postgresql.jdbc.PgConnection@4e9f5888 (This connection has been closed.). Possibly consider using a shorter maxLifetime value.
2021-12-29 00:59:52,482 WARN  [MessageBroker-2] PoolBase: Hikari - Failed to validate connection org.postgresql.jdbc.PgConnection@11e27cba (This connection has been closed.). Possibly consider using a shorter maxLifetime value.
2021-12-29 00:59:52,484 WARN  [MessageBroker-2] PoolBase: Hikari - Failed to validate connection org.postgresql.jdbc.PgConnection@60ab88f (This connection has been closed.). Possibly consider using a shorter maxLifetime value.
2021-12-29 00:59:52,486 WARN  [MessageBroker-2] PoolBase: Hikari - Failed to validate connection org.postgresql.jdbc.PgConnection@68679f54 (This connection has been closed.). Possibly consider using a shorter maxLifetime value.
2021-12-29 00:59:52,488 WARN  [MessageBroker-2] PoolBase: Hikari - Failed to validate connection org.postgresql.jdbc.PgConnection@5c08d1c8 (This connection has been closed.). Possibly consider using a shorter maxLifetime value.
2021-12-29 00:59:52,489 WARN  [MessageBroker-2] PoolBase: Hikari - Failed to validate connection org.postgresql.jdbc.PgConnection@5e0d715f (This connection has been closed.). Possibly consider using a shorter maxLifetime value.
2021-12-29 06:38:36,608 WARN  [XNIO-1 task-4] AdviceTraits: Unauthorized: Full authentication is required to access this resource
2021-12-29 06:38:38,187 WARN  [XNIO-1 task-4] AdviceTraits: Unauthorized: Full authentication is required to access this resource
2021-12-29 06:38:51,029 WARN  [XNIO-1 task-4] PoolBase: Hikari - Failed to validate connection org.postgresql.jdbc.PgConnection@2dbf172 (This connection has been closed.). Possibly consider using a shorter maxLifetime value.
2021-12-29 06:38:51,031 WARN  [XNIO-1 task-4] PoolBase: Hikari - Failed to validate connection org.postgresql.jdbc.PgConnection@694d6973 (This connection has been closed.). Possibly consider using a shorter maxLifetime value.
2021-12-29 06:38:51,032 WARN  [XNIO-1 task-4] PoolBase: Hikari - Failed to validate connection org.postgresql.jdbc.PgConnection@2f82c6a7 (This connection has been closed.). Possibly consider using a shorter maxLifetime value.
2021-12-29 06:38:51,034 WARN  [XNIO-1 task-4] PoolBase: Hikari - Failed to validate connection org.postgresql.jdbc.PgConnection@728fe244 (This connection has been closed.). Possibly consider using a shorter maxLifetime value.
2021-12-29 06:38:51,036 WARN  [XNIO-1 task-4] PoolBase: Hikari - Failed to validate connection org.postgresql.jdbc.PgConnection@2091c684 (This connection has been closed.). Possibly consider using a shorter maxLifetime value.
2021-12-29 06:38:51,039 WARN  [XNIO-1 task-4] PoolBase: Hikari - Failed to validate connection org.postgresql.jdbc.PgConnection@22953514 (This connection has been closed.). Possibly consider using a shorter maxLifetime value.
2021-12-29 06:38:51,040 WARN  [XNIO-1 task-4] PoolBase: Hikari - Failed to validate connection org.postgresql.jdbc.PgConnection@1b9b781f (This connection has been closed.). Possibly consider using a shorter maxLifetime value.
2021-12-29 06:38:51,042 WARN  [XNIO-1 task-4] PoolBase: Hikari - Failed to validate connection org.postgresql.jdbc.PgConnection@168b34ea (This connection has been closed.). Possibly consider using a shorter maxLifetime value.
2021-12-29 06:38:51,044 WARN  [XNIO-1 task-4] PoolBase: Hikari - Failed to validate connection org.postgresql.jdbc.PgConnection@38807559 (This connection has been closed.). Possibly consider using a shorter maxLifetime value.
2021-12-29 06:38:51,047 WARN  [XNIO-1 task-4] PoolBase: Hikari - Failed to validate connection org.postgresql.jdbc.PgConnection@3336cac8 (This connection has been closed.). Possibly consider using a shorter maxLifetime value.
2021-12-29 06:38:59,850 WARN  [XNIO-1 task-4] RestClient: request [POST http://10.60.27.22:9200/dealer/_search?typed_keys=true&max_concurrent_shard_requests=5&ignore_unavailable=false&expand_wildcards=open&allow_no_indices=true&ignore_throttled=true&search_type=dfs_query_then_fetch&batched_reduce_size=512&ccs_minimize_roundtrips=true] returned 1 warnings: [299 Elasticsearch-7.13.3-5d21bea28db1e89ecc1f66311ebdec9dc3aa7d64 "Elasticsearch built-in security features are not enabled. Without authentication, your cluster could be accessible to anyone. See https://www.elastic.co/guide/en/elasticsearch/reference/7.13/security-minimal-setup.html to enable security."]
2021-12-29 06:40:29,840 WARN  [XNIO-1 task-4] RestClient: request [PUT http://10.60.27.22:9200/invoice/_doc/4054?timeout=1m] returned 1 warnings: [299 Elasticsearch-7.13.3-5d21bea28db1e89ecc1f66311ebdec9dc3aa7d64 "Elasticsearch built-in security features are not enabled. Without authentication, your cluster could be accessible to anyone. See https://www.elastic.co/guide/en/elasticsearch/reference/7.13/security-minimal-setup.html to enable security."]
2021-12-29 06:40:29,872 WARN  [XNIO-1 task-4] RestClient: request [POST http://10.60.27.22:9200/invoice/_refresh?ignore_throttled=false&ignore_unavailable=false&expand_wildcards=open&allow_no_indices=true] returned 1 warnings: [299 Elasticsearch-7.13.3-5d21bea28db1e89ecc1f66311ebdec9dc3aa7d64 "Elasticsearch built-in security features are not enabled. Without authentication, your cluster could be accessible to anyone. See https://www.elastic.co/guide/en/elasticsearch/reference/7.13/security-minimal-setup.html to enable security."]
2021-12-29 06:41:07,132 WARN  [XNIO-1 task-2] RestClient: request [PUT http://10.60.27.22:9200/payment/_doc/4105?timeout=1m] returned 1 warnings: [299 Elasticsearch-7.13.3-5d21bea28db1e89ecc1f66311ebdec9dc3aa7d64 "Elasticsearch built-in security features are not enabled. Without authentication, your cluster could be accessible to anyone. See https://www.elastic.co/guide/en/elasticsearch/reference/7.13/security-minimal-setup.html to enable security."]
2021-12-29 06:41:07,163 WARN  [XNIO-1 task-2] RestClient: request [POST http://10.60.27.22:9200/payment/_refresh?ignore_throttled=false&ignore_unavailable=false&expand_wildcards=open&allow_no_indices=true] returned 1 warnings: [299 Elasticsearch-7.13.3-5d21bea28db1e89ecc1f66311ebdec9dc3aa7d64 "Elasticsearch built-in security features are not enabled. Without authentication, your cluster could be accessible to anyone. See https://www.elastic.co/guide/en/elasticsearch/reference/7.13/security-minimal-setup.html to enable security."]
2021-12-29 06:41:07,751 WARN  [XNIO-1 task-2] RestClient: request [PUT http://10.60.27.22:9200/invoice/_doc/4054?timeout=1m] returned 1 warnings: [299 Elasticsearch-7.13.3-5d21bea28db1e89ecc1f66311ebdec9dc3aa7d64 "Elasticsearch built-in security features are not enabled. Without authentication, your cluster could be accessible to anyone. See https://www.elastic.co/guide/en/elasticsearch/reference/7.13/security-minimal-setup.html to enable security."]
2021-12-29 06:41:07,779 WARN  [XNIO-1 task-2] RestClient: request [POST http://10.60.27.22:9200/invoice/_refresh?ignore_throttled=false&ignore_unavailable=false&expand_wildcards=open&allow_no_indices=true] returned 1 warnings: [299 Elasticsearch-7.13.3-5d21bea28db1e89ecc1f66311ebdec9dc3aa7d64 "Elasticsearch built-in security features are not enabled. Without authentication, your cluster could be accessible to anyone. See https://www.elastic.co/guide/en/elasticsearch/reference/7.13/security-minimal-setup.html to enable security."]
2021-12-29 06:41:08,153 WARN  [XNIO-1 task-2] RestClient: request [PUT http://10.60.27.22:9200/signedpayment/_doc/4155?timeout=1m] returned 1 warnings: [299 Elasticsearch-7.13.3-5d21bea28db1e89ecc1f66311ebdec9dc3aa7d64 "Elasticsearch built-in security features are not enabled. Without authentication, your cluster could be accessible to anyone. See https://www.elastic.co/guide/en/elasticsearch/reference/7.13/security-minimal-setup.html to enable security."]
2021-12-29 06:41:08,232 WARN  [XNIO-1 task-2] RestClient: request [POST http://10.60.27.22:9200/signedpayment/_refresh?ignore_throttled=false&ignore_unavailable=false&expand_wildcards=open&allow_no_indices=true] returned 1 warnings: [299 Elasticsearch-7.13.3-5d21bea28db1e89ecc1f66311ebdec9dc3aa7d64 "Elasticsearch built-in security features are not enabled. Without authentication, your cluster could be accessible to anyone. See https://www.elastic.co/guide/en/elasticsearch/reference/7.13/security-minimal-setup.html to enable security."]
2021-12-29 06:41:20,833 WARN  [XNIO-1 task-4] RestClient: request [POST http://10.60.27.22:9200/dealer/_search?typed_keys=true&max_concurrent_shard_requests=5&ignore_unavailable=false&expand_wildcards=open&allow_no_indices=true&ignore_throttled=true&search_type=dfs_query_then_fetch&batched_reduce_size=512&ccs_minimize_roundtrips=true] returned 1 warnings: [299 Elasticsearch-7.13.3-5d21bea28db1e89ecc1f66311ebdec9dc3aa7d64 "Elasticsearch built-in security features are not enabled. Without authentication, your cluster could be accessible to anyone. See https://www.elastic.co/guide/en/elasticsearch/reference/7.13/security-minimal-setup.html to enable security."]
2021-12-29 06:41:51,078 WARN  [XNIO-1 task-2] RestClient: request [PUT http://10.60.27.22:9200/payment/_doc/4106?timeout=1m] returned 1 warnings: [299 Elasticsearch-7.13.3-5d21bea28db1e89ecc1f66311ebdec9dc3aa7d64 "Elasticsearch built-in security features are not enabled. Without authentication, your cluster could be accessible to anyone. See https://www.elastic.co/guide/en/elasticsearch/reference/7.13/security-minimal-setup.html to enable security."]
2021-12-29 06:41:51,104 WARN  [XNIO-1 task-2] RestClient: request [POST http://10.60.27.22:9200/payment/_refresh?ignore_throttled=false&ignore_unavailable=false&expand_wildcards=open&allow_no_indices=true] returned 1 warnings: [299 Elasticsearch-7.13.3-5d21bea28db1e89ecc1f66311ebdec9dc3aa7d64 "Elasticsearch built-in security features are not enabled. Without authentication, your cluster could be accessible to anyone. See https://www.elastic.co/guide/en/elasticsearch/reference/7.13/security-minimal-setup.html to enable security."]
2021-12-29 06:41:51,114 ERROR [XNIO-1 task-2] AdviceTraits: Internal Server Error
org.springframework.dao.InvalidDataAccessApiUsageException: org.hibernate.TransientPropertyValueException: object references an unsaved transient instance - save the transient instance before flushing : io.github.erp.domain.Payment.paymentCategory -> io.github.erp.domain.PaymentCategory; nested exception is java.lang.IllegalStateException: org.hibernate.TransientPropertyValueException: object references an unsaved transient instance - save the transient instance before flushing : io.github.erp.domain.Payment.paymentCategory -> io.github.erp.domain.PaymentCategory
	at org.springframework.orm.jpa.EntityManagerFactoryUtils.convertJpaAccessExceptionIfPossible(EntityManagerFactoryUtils.java:371)
	at org.springframework.orm.jpa.vendor.HibernateJpaDialect.translateExceptionIfPossible(HibernateJpaDialect.java:235)
	at org.springframework.orm.jpa.JpaTransactionManager.doCommit(JpaTransactionManager.java:566)
	at org.springframework.transaction.support.AbstractPlatformTransactionManager.processCommit(AbstractPlatformTransactionManager.java:743)
	at org.springframework.transaction.support.AbstractPlatformTransactionManager.commit(AbstractPlatformTransactionManager.java:711)
	at jdk.internal.reflect.GeneratedMethodAccessor306.invoke(Unknown Source)
	at java.base/jdk.internal.reflect.DelegatingMethodAccessorImpl.invoke(Unknown Source)
	at java.base/java.lang.reflect.Method.invoke(Unknown Source)
	at org.springframework.aop.support.AopUtils.invokeJoinpointUsingReflection(AopUtils.java:344)
	at org.springframework.aop.framework.ReflectiveMethodInvocation.invokeJoinpoint(ReflectiveMethodInvocation.java:198)
	at org.springframework.aop.framework.ReflectiveMethodInvocation.proceed(ReflectiveMethodInvocation.java:163)
	at org.springframework.batch.core.configuration.annotation.SimpleBatchConfiguration$PassthruAdvice.invoke(SimpleBatchConfiguration.java:128)
	at org.springframework.aop.framework.ReflectiveMethodInvocation.proceed(ReflectiveMethodInvocation.java:186)
	at org.springframework.aop.framework.JdkDynamicAopProxy.invoke(JdkDynamicAopProxy.java:215)
	at com.sun.proxy.$Proxy210.commit(Unknown Source)
	at org.springframework.transaction.interceptor.TransactionAspectSupport.commitTransactionAfterReturning(TransactionAspectSupport.java:654)
	at org.springframework.transaction.interceptor.TransactionAspectSupport.invokeWithinTransaction(TransactionAspectSupport.java:407)
	at org.springframework.transaction.interceptor.TransactionInterceptor.invoke(TransactionInterceptor.java:119)
	at org.springframework.aop.framework.ReflectiveMethodInvocation.proceed(ReflectiveMethodInvocation.java:186)
	at org.springframework.aop.framework.CglibAopProxy$CglibMethodInvocation.proceed(CglibAopProxy.java:750)
	at org.springframework.aop.framework.CglibAopProxy$DynamicAdvisedInterceptor.intercept(CglibAopProxy.java:692)
	at io.github.erp.service.impl.PaymentServiceImpl$$EnhancerBySpringCGLIB$$3b1027ff.save(<generated>)
	at io.github.erp.erp.resources.PaymentResource.createPayment(PaymentResource.java:72)
	at java.base/jdk.internal.reflect.NativeMethodAccessorImpl.invoke0(Native Method)
	at java.base/jdk.internal.reflect.NativeMethodAccessorImpl.invoke(Unknown Source)
	at java.base/jdk.internal.reflect.DelegatingMethodAccessorImpl.invoke(Unknown Source)
	at java.base/java.lang.reflect.Method.invoke(Unknown Source)
	at org.springframework.web.method.support.InvocableHandlerMethod.doInvoke(InvocableHandlerMethod.java:205)
	at org.springframework.web.method.support.InvocableHandlerMethod.invokeForRequest(InvocableHandlerMethod.java:150)
	at org.springframework.web.servlet.mvc.method.annotation.ServletInvocableHandlerMethod.invokeAndHandle(ServletInvocableHandlerMethod.java:117)
	at org.springframework.web.servlet.mvc.method.annotation.RequestMappingHandlerAdapter.invokeHandlerMethod(RequestMappingHandlerAdapter.java:895)
	at org.springframework.web.servlet.mvc.method.annotation.RequestMappingHandlerAdapter.handleInternal(RequestMappingHandlerAdapter.java:808)
	at org.springframework.web.servlet.mvc.method.AbstractHandlerMethodAdapter.handle(AbstractHandlerMethodAdapter.java:87)
	at org.springframework.web.servlet.DispatcherServlet.doDispatch(DispatcherServlet.java:1067)
	at org.springframework.web.servlet.DispatcherServlet.doService(DispatcherServlet.java:963)
	at org.springframework.web.servlet.FrameworkServlet.processRequest(FrameworkServlet.java:1006)
	at org.springframework.web.servlet.FrameworkServlet.doPost(FrameworkServlet.java:909)
	at javax.servlet.http.HttpServlet.service(HttpServlet.java:517)
	at org.springframework.web.servlet.FrameworkServlet.service(FrameworkServlet.java:883)
	at javax.servlet.http.HttpServlet.service(HttpServlet.java:584)
	at io.undertow.servlet.handlers.ServletHandler.handleRequest(ServletHandler.java:74)
	at io.undertow.servlet.handlers.FilterHandler$FilterChainImpl.doFilter(FilterHandler.java:129)
	at org.springframework.web.filter.OncePerRequestFilter.doFilter(OncePerRequestFilter.java:113)
	at io.undertow.servlet.core.ManagedFilter.doFilter(ManagedFilter.java:61)
	at io.undertow.servlet.handlers.FilterHandler$FilterChainImpl.doFilter(FilterHandler.java:131)
	at org.springframework.security.web.FilterChainProxy$VirtualFilterChain.doFilter(FilterChainProxy.java:327)
	at org.springframework.security.web.access.intercept.FilterSecurityInterceptor.invoke(FilterSecurityInterceptor.java:115)
	at org.springframework.security.web.access.intercept.FilterSecurityInterceptor.doFilter(FilterSecurityInterceptor.java:81)
	at org.springframework.security.web.FilterChainProxy$VirtualFilterChain.doFilter(FilterChainProxy.java:336)
	at org.springframework.security.web.access.ExceptionTranslationFilter.doFilter(ExceptionTranslationFilter.java:121)
	at org.springframework.security.web.access.ExceptionTranslationFilter.doFilter(ExceptionTranslationFilter.java:115)
	at org.springframework.security.web.FilterChainProxy$VirtualFilterChain.doFilter(FilterChainProxy.java:336)
	at org.springframework.security.web.session.SessionManagementFilter.doFilter(SessionManagementFilter.java:126)
	at org.springframework.security.web.session.SessionManagementFilter.doFilter(SessionManagementFilter.java:81)
	at org.springframework.security.web.FilterChainProxy$VirtualFilterChain.doFilter(FilterChainProxy.java:336)
	at org.springframework.security.web.authentication.AnonymousAuthenticationFilter.doFilter(AnonymousAuthenticationFilter.java:105)
	at org.springframework.security.web.FilterChainProxy$VirtualFilterChain.doFilter(FilterChainProxy.java:336)
	at org.springframework.security.web.servletapi.SecurityContextHolderAwareRequestFilter.doFilter(SecurityContextHolderAwareRequestFilter.java:149)
	at org.springframework.security.web.FilterChainProxy$VirtualFilterChain.doFilter(FilterChainProxy.java:336)
	at org.springframework.security.web.savedrequest.RequestCacheAwareFilter.doFilter(RequestCacheAwareFilter.java:63)
	at org.springframework.security.web.FilterChainProxy$VirtualFilterChain.doFilter(FilterChainProxy.java:336)
	at org.springframework.security.web.authentication.www.BasicAuthenticationFilter.doFilterInternal(BasicAuthenticationFilter.java:149)
	at org.springframework.web.filter.OncePerRequestFilter.doFilter(OncePerRequestFilter.java:119)
	at org.springframework.security.web.FilterChainProxy$VirtualFilterChain.doFilter(FilterChainProxy.java:336)
	at io.github.erp.security.jwt.JWTFilter.doFilter(JWTFilter.java:39)
	at org.springframework.security.web.FilterChainProxy$VirtualFilterChain.doFilter(FilterChainProxy.java:336)
	at org.springframework.web.filter.CorsFilter.doFilterInternal(CorsFilter.java:91)
	at org.springframework.web.filter.OncePerRequestFilter.doFilter(OncePerRequestFilter.java:119)
	at org.springframework.security.web.FilterChainProxy$VirtualFilterChain.doFilter(FilterChainProxy.java:336)
	at org.springframework.security.web.authentication.logout.LogoutFilter.doFilter(LogoutFilter.java:103)
	at org.springframework.security.web.authentication.logout.LogoutFilter.doFilter(LogoutFilter.java:89)
	at org.springframework.security.web.FilterChainProxy$VirtualFilterChain.doFilter(FilterChainProxy.java:336)
	at org.springframework.security.web.header.HeaderWriterFilter.doHeadersAfter(HeaderWriterFilter.java:90)
	at org.springframework.security.web.header.HeaderWriterFilter.doFilterInternal(HeaderWriterFilter.java:75)
	at org.springframework.web.filter.OncePerRequestFilter.doFilter(OncePerRequestFilter.java:119)
	at org.springframework.security.web.FilterChainProxy$VirtualFilterChain.doFilter(FilterChainProxy.java:336)
	at org.springframework.security.web.context.SecurityContextPersistenceFilter.doFilter(SecurityContextPersistenceFilter.java:110)
	at org.springframework.security.web.context.SecurityContextPersistenceFilter.doFilter(SecurityContextPersistenceFilter.java:80)
	at org.springframework.security.web.FilterChainProxy$VirtualFilterChain.doFilter(FilterChainProxy.java:336)
	at org.springframework.security.web.context.request.async.WebAsyncManagerIntegrationFilter.doFilterInternal(WebAsyncManagerIntegrationFilter.java:55)
	at org.springframework.web.filter.OncePerRequestFilter.doFilter(OncePerRequestFilter.java:119)
	at org.springframework.security.web.FilterChainProxy$VirtualFilterChain.doFilter(FilterChainProxy.java:336)
	at org.springframework.security.web.FilterChainProxy.doFilterInternal(FilterChainProxy.java:211)
	at org.springframework.security.web.FilterChainProxy.doFilter(FilterChainProxy.java:183)
	at org.springframework.web.filter.DelegatingFilterProxy.invokeDelegate(DelegatingFilterProxy.java:358)
	at org.springframework.web.filter.DelegatingFilterProxy.doFilter(DelegatingFilterProxy.java:271)
	at io.undertow.servlet.core.ManagedFilter.doFilter(ManagedFilter.java:61)
	at io.undertow.servlet.handlers.FilterHandler$FilterChainImpl.doFilter(FilterHandler.java:131)
	at org.springframework.web.filter.RequestContextFilter.doFilterInternal(RequestContextFilter.java:100)
	at org.springframework.web.filter.OncePerRequestFilter.doFilter(OncePerRequestFilter.java:119)
	at io.undertow.servlet.core.ManagedFilter.doFilter(ManagedFilter.java:61)
	at io.undertow.servlet.handlers.FilterHandler$FilterChainImpl.doFilter(FilterHandler.java:131)
	at org.springframework.web.filter.FormContentFilter.doFilterInternal(FormContentFilter.java:93)
	at org.springframework.web.filter.OncePerRequestFilter.doFilter(OncePerRequestFilter.java:119)
	at io.undertow.servlet.core.ManagedFilter.doFilter(ManagedFilter.java:61)
	at io.undertow.servlet.handlers.FilterHandler$FilterChainImpl.doFilter(FilterHandler.java:131)
	at org.springframework.boot.actuate.metrics.web.servlet.WebMvcMetricsFilter.doFilterInternal(WebMvcMetricsFilter.java:96)
	at org.springframework.web.filter.OncePerRequestFilter.doFilter(OncePerRequestFilter.java:119)
	at io.undertow.servlet.core.ManagedFilter.doFilter(ManagedFilter.java:61)
	at io.undertow.servlet.handlers.FilterHandler$FilterChainImpl.doFilter(FilterHandler.java:131)
	at org.springframework.web.filter.CharacterEncodingFilter.doFilterInternal(CharacterEncodingFilter.java:201)
	at org.springframework.web.filter.OncePerRequestFilter.doFilter(OncePerRequestFilter.java:119)
	at io.undertow.servlet.core.ManagedFilter.doFilter(ManagedFilter.java:61)
	at io.undertow.servlet.handlers.FilterHandler$FilterChainImpl.doFilter(FilterHandler.java:131)
	at io.undertow.servlet.handlers.FilterHandler.handleRequest(FilterHandler.java:84)
	at io.undertow.servlet.handlers.security.ServletSecurityRoleHandler.handleRequest(ServletSecurityRoleHandler.java:62)
	at io.undertow.servlet.handlers.ServletChain$1.handleRequest(ServletChain.java:68)
	at io.undertow.servlet.handlers.ServletDispatchingHandler.handleRequest(ServletDispatchingHandler.java:36)
	at io.undertow.servlet.handlers.RedirectDirHandler.handleRequest(RedirectDirHandler.java:68)
	at io.undertow.servlet.handlers.security.SSLInformationAssociationHandler.handleRequest(SSLInformationAssociationHandler.java:117)
	at io.undertow.servlet.handlers.security.ServletAuthenticationCallHandler.handleRequest(ServletAuthenticationCallHandler.java:57)
	at io.undertow.server.handlers.PredicateHandler.handleRequest(PredicateHandler.java:43)
	at io.undertow.security.handlers.AbstractConfidentialityHandler.handleRequest(AbstractConfidentialityHandler.java:46)
	at io.undertow.servlet.handlers.security.ServletConfidentialityConstraintHandler.handleRequest(ServletConfidentialityConstraintHandler.java:64)
	at io.undertow.security.handlers.AuthenticationMechanismsHandler.handleRequest(AuthenticationMechanismsHandler.java:60)
	at io.undertow.servlet.handlers.security.CachedAuthenticatedSessionHandler.handleRequest(CachedAuthenticatedSessionHandler.java:77)
	at io.undertow.security.handlers.AbstractSecurityContextAssociationHandler.handleRequest(AbstractSecurityContextAssociationHandler.java:43)
	at io.undertow.server.handlers.PredicateHandler.handleRequest(PredicateHandler.java:43)
	at io.undertow.servlet.handlers.SendErrorPageHandler.handleRequest(SendErrorPageHandler.java:52)
	at io.undertow.server.handlers.PredicateHandler.handleRequest(PredicateHandler.java:43)
	at io.undertow.servlet.handlers.ServletInitialHandler.handleFirstRequest(ServletInitialHandler.java:280)
	at io.undertow.servlet.handlers.ServletInitialHandler.access$100(ServletInitialHandler.java:79)
	at io.undertow.servlet.handlers.ServletInitialHandler$2.call(ServletInitialHandler.java:134)
	at io.undertow.servlet.handlers.ServletInitialHandler$2.call(ServletInitialHandler.java:131)
	at io.undertow.servlet.core.ServletRequestContextThreadSetupAction$1.call(ServletRequestContextThreadSetupAction.java:48)
	at io.undertow.servlet.core.ContextClassLoaderSetupAction$1.call(ContextClassLoaderSetupAction.java:43)
	at io.undertow.servlet.handlers.ServletInitialHandler.dispatchRequest(ServletInitialHandler.java:260)
	at io.undertow.servlet.handlers.ServletInitialHandler.access$000(ServletInitialHandler.java:79)
	at io.undertow.servlet.handlers.ServletInitialHandler$1.handleRequest(ServletInitialHandler.java:100)
	at io.undertow.server.Connectors.executeRootHandler(Connectors.java:387)
	at io.undertow.server.HttpServerExchange$1.run(HttpServerExchange.java:852)
	at org.jboss.threads.ContextClassLoaderSavingRunnable.run(ContextClassLoaderSavingRunnable.java:35)
	at org.jboss.threads.EnhancedQueueExecutor.safeRun(EnhancedQueueExecutor.java:2019)
	at org.jboss.threads.EnhancedQueueExecutor$ThreadBody.doRunTask(EnhancedQueueExecutor.java:1558)
	at org.jboss.threads.EnhancedQueueExecutor$ThreadBody.run(EnhancedQueueExecutor.java:1449)
	at org.xnio.XnioWorker$WorkerThreadFactory$1$1.run(XnioWorker.java:1280)
	at java.base/java.lang.Thread.run(Unknown Source)
Caused by: java.lang.IllegalStateException: org.hibernate.TransientPropertyValueException: object references an unsaved transient instance - save the transient instance before flushing : io.github.erp.domain.Payment.paymentCategory -> io.github.erp.domain.PaymentCategory
	at org.hibernate.internal.ExceptionConverterImpl.convert(ExceptionConverterImpl.java:151)
	at org.hibernate.internal.ExceptionConverterImpl.convert(ExceptionConverterImpl.java:181)
	at org.hibernate.internal.ExceptionConverterImpl.convert(ExceptionConverterImpl.java:188)
	at org.hibernate.internal.SessionImpl.doFlush(SessionImpl.java:1366)
	at org.hibernate.internal.SessionImpl.managedFlush(SessionImpl.java:453)
	at org.hibernate.internal.SessionImpl.flushBeforeTransactionCompletion(SessionImpl.java:3212)
	at org.hibernate.internal.SessionImpl.beforeTransactionCompletion(SessionImpl.java:2380)
	at org.hibernate.engine.jdbc.internal.JdbcCoordinatorImpl.beforeTransactionCompletion(JdbcCoordinatorImpl.java:448)
	at org.hibernate.resource.transaction.backend.jdbc.internal.JdbcResourceLocalTransactionCoordinatorImpl.beforeCompletionCallback(JdbcResourceLocalTransactionCoordinatorImpl.java:183)
	at org.hibernate.resource.transaction.backend.jdbc.internal.JdbcResourceLocalTransactionCoordinatorImpl.access$300(JdbcResourceLocalTransactionCoordinatorImpl.java:40)
	at org.hibernate.resource.transaction.backend.jdbc.internal.JdbcResourceLocalTransactionCoordinatorImpl$TransactionDriverControlImpl.commit(JdbcResourceLocalTransactionCoordinatorImpl.java:281)
	at org.hibernate.engine.transaction.internal.TransactionImpl.commit(TransactionImpl.java:101)
	at org.springframework.orm.jpa.JpaTransactionManager.doCommit(JpaTransactionManager.java:562)
	... 134 common frames omitted
Caused by: org.hibernate.TransientPropertyValueException: object references an unsaved transient instance - save the transient instance before flushing : io.github.erp.domain.Payment.paymentCategory -> io.github.erp.domain.PaymentCategory
	at org.hibernate.engine.spi.CascadingActions$8.noCascade(CascadingActions.java:379)
	at org.hibernate.engine.internal.Cascade.cascade(Cascade.java:169)
	at org.hibernate.event.internal.AbstractFlushingEventListener.cascadeOnFlush(AbstractFlushingEventListener.java:159)
	at org.hibernate.event.internal.AbstractFlushingEventListener.prepareEntityFlushes(AbstractFlushingEventListener.java:149)
	at org.hibernate.event.internal.AbstractFlushingEventListener.flushEverythingToExecutions(AbstractFlushingEventListener.java:82)
	at org.hibernate.event.internal.DefaultFlushEventListener.onFlush(DefaultFlushEventListener.java:39)
	at org.hibernate.event.service.internal.EventListenerGroupImpl.fireEventOnEachListener(EventListenerGroupImpl.java:99)
	at org.hibernate.internal.SessionImpl.doFlush(SessionImpl.java:1362)
	... 143 common frames omitted
2021-12-29 06:41:52,374 WARN  [XNIO-1 task-2] RestClient: request [PUT http://10.60.27.22:9200/payment/_doc/4107?timeout=1m] returned 1 warnings: [299 Elasticsearch-7.13.3-5d21bea28db1e89ecc1f66311ebdec9dc3aa7d64 "Elasticsearch built-in security features are not enabled. Without authentication, your cluster could be accessible to anyone. See https://www.elastic.co/guide/en/elasticsearch/reference/7.13/security-minimal-setup.html to enable security."]
2021-12-29 06:41:52,400 WARN  [XNIO-1 task-2] RestClient: request [POST http://10.60.27.22:9200/payment/_refresh?ignore_throttled=false&ignore_unavailable=false&expand_wildcards=open&allow_no_indices=true] returned 1 warnings: [299 Elasticsearch-7.13.3-5d21bea28db1e89ecc1f66311ebdec9dc3aa7d64 "Elasticsearch built-in security features are not enabled. Without authentication, your cluster could be accessible to anyone. See https://www.elastic.co/guide/en/elasticsearch/reference/7.13/security-minimal-setup.html to enable security."]
2021-12-29 06:41:52,403 ERROR [XNIO-1 task-2] AdviceTraits: Internal Server Error
org.springframework.dao.InvalidDataAccessApiUsageException: org.hibernate.TransientPropertyValueException: object references an unsaved transient instance - save the transient instance before flushing : io.github.erp.domain.Payment.paymentCategory -> io.github.erp.domain.PaymentCategory; nested exception is java.lang.IllegalStateException: org.hibernate.TransientPropertyValueException: object references an unsaved transient instance - save the transient instance before flushing : io.github.erp.domain.Payment.paymentCategory -> io.github.erp.domain.PaymentCategory
	at org.springframework.orm.jpa.EntityManagerFactoryUtils.convertJpaAccessExceptionIfPossible(EntityManagerFactoryUtils.java:371)
	at org.springframework.orm.jpa.vendor.HibernateJpaDialect.translateExceptionIfPossible(HibernateJpaDialect.java:235)
	at org.springframework.orm.jpa.JpaTransactionManager.doCommit(JpaTransactionManager.java:566)
	at org.springframework.transaction.support.AbstractPlatformTransactionManager.processCommit(AbstractPlatformTransactionManager.java:743)
	at org.springframework.transaction.support.AbstractPlatformTransactionManager.commit(AbstractPlatformTransactionManager.java:711)
	at jdk.internal.reflect.GeneratedMethodAccessor306.invoke(Unknown Source)
	at java.base/jdk.internal.reflect.DelegatingMethodAccessorImpl.invoke(Unknown Source)
	at java.base/java.lang.reflect.Method.invoke(Unknown Source)
	at org.springframework.aop.support.AopUtils.invokeJoinpointUsingReflection(AopUtils.java:344)
	at org.springframework.aop.framework.ReflectiveMethodInvocation.invokeJoinpoint(ReflectiveMethodInvocation.java:198)
	at org.springframework.aop.framework.ReflectiveMethodInvocation.proceed(ReflectiveMethodInvocation.java:163)
	at org.springframework.batch.core.configuration.annotation.SimpleBatchConfiguration$PassthruAdvice.invoke(SimpleBatchConfiguration.java:128)
	at org.springframework.aop.framework.ReflectiveMethodInvocation.proceed(ReflectiveMethodInvocation.java:186)
	at org.springframework.aop.framework.JdkDynamicAopProxy.invoke(JdkDynamicAopProxy.java:215)
	at com.sun.proxy.$Proxy210.commit(Unknown Source)
	at org.springframework.transaction.interceptor.TransactionAspectSupport.commitTransactionAfterReturning(TransactionAspectSupport.java:654)
	at org.springframework.transaction.interceptor.TransactionAspectSupport.invokeWithinTransaction(TransactionAspectSupport.java:407)
	at org.springframework.transaction.interceptor.TransactionInterceptor.invoke(TransactionInterceptor.java:119)
	at org.springframework.aop.framework.ReflectiveMethodInvocation.proceed(ReflectiveMethodInvocation.java:186)
	at org.springframework.aop.framework.CglibAopProxy$CglibMethodInvocation.proceed(CglibAopProxy.java:750)
	at org.springframework.aop.framework.CglibAopProxy$DynamicAdvisedInterceptor.intercept(CglibAopProxy.java:692)
	at io.github.erp.service.impl.PaymentServiceImpl$$EnhancerBySpringCGLIB$$3b1027ff.save(<generated>)
	at io.github.erp.erp.resources.PaymentResource.createPayment(PaymentResource.java:72)
	at java.base/jdk.internal.reflect.NativeMethodAccessorImpl.invoke0(Native Method)
	at java.base/jdk.internal.reflect.NativeMethodAccessorImpl.invoke(Unknown Source)
	at java.base/jdk.internal.reflect.DelegatingMethodAccessorImpl.invoke(Unknown Source)
	at java.base/java.lang.reflect.Method.invoke(Unknown Source)
	at org.springframework.web.method.support.InvocableHandlerMethod.doInvoke(InvocableHandlerMethod.java:205)
	at org.springframework.web.method.support.InvocableHandlerMethod.invokeForRequest(InvocableHandlerMethod.java:150)
	at org.springframework.web.servlet.mvc.method.annotation.ServletInvocableHandlerMethod.invokeAndHandle(ServletInvocableHandlerMethod.java:117)
	at org.springframework.web.servlet.mvc.method.annotation.RequestMappingHandlerAdapter.invokeHandlerMethod(RequestMappingHandlerAdapter.java:895)
	at org.springframework.web.servlet.mvc.method.annotation.RequestMappingHandlerAdapter.handleInternal(RequestMappingHandlerAdapter.java:808)
	at org.springframework.web.servlet.mvc.method.AbstractHandlerMethodAdapter.handle(AbstractHandlerMethodAdapter.java:87)
	at org.springframework.web.servlet.DispatcherServlet.doDispatch(DispatcherServlet.java:1067)
	at org.springframework.web.servlet.DispatcherServlet.doService(DispatcherServlet.java:963)
	at org.springframework.web.servlet.FrameworkServlet.processRequest(FrameworkServlet.java:1006)
	at org.springframework.web.servlet.FrameworkServlet.doPost(FrameworkServlet.java:909)
	at javax.servlet.http.HttpServlet.service(HttpServlet.java:517)
	at org.springframework.web.servlet.FrameworkServlet.service(FrameworkServlet.java:883)
	at javax.servlet.http.HttpServlet.service(HttpServlet.java:584)
	at io.undertow.servlet.handlers.ServletHandler.handleRequest(ServletHandler.java:74)
	at io.undertow.servlet.handlers.FilterHandler$FilterChainImpl.doFilter(FilterHandler.java:129)
	at org.springframework.web.filter.OncePerRequestFilter.doFilter(OncePerRequestFilter.java:113)
	at io.undertow.servlet.core.ManagedFilter.doFilter(ManagedFilter.java:61)
	at io.undertow.servlet.handlers.FilterHandler$FilterChainImpl.doFilter(FilterHandler.java:131)
	at org.springframework.security.web.FilterChainProxy$VirtualFilterChain.doFilter(FilterChainProxy.java:327)
	at org.springframework.security.web.access.intercept.FilterSecurityInterceptor.invoke(FilterSecurityInterceptor.java:115)
	at org.springframework.security.web.access.intercept.FilterSecurityInterceptor.doFilter(FilterSecurityInterceptor.java:81)
	at org.springframework.security.web.FilterChainProxy$VirtualFilterChain.doFilter(FilterChainProxy.java:336)
	at org.springframework.security.web.access.ExceptionTranslationFilter.doFilter(ExceptionTranslationFilter.java:121)
	at org.springframework.security.web.access.ExceptionTranslationFilter.doFilter(ExceptionTranslationFilter.java:115)
	at org.springframework.security.web.FilterChainProxy$VirtualFilterChain.doFilter(FilterChainProxy.java:336)
	at org.springframework.security.web.session.SessionManagementFilter.doFilter(SessionManagementFilter.java:126)
	at org.springframework.security.web.session.SessionManagementFilter.doFilter(SessionManagementFilter.java:81)
	at org.springframework.security.web.FilterChainProxy$VirtualFilterChain.doFilter(FilterChainProxy.java:336)
	at org.springframework.security.web.authentication.AnonymousAuthenticationFilter.doFilter(AnonymousAuthenticationFilter.java:105)
	at org.springframework.security.web.FilterChainProxy$VirtualFilterChain.doFilter(FilterChainProxy.java:336)
	at org.springframework.security.web.servletapi.SecurityContextHolderAwareRequestFilter.doFilter(SecurityContextHolderAwareRequestFilter.java:149)
	at org.springframework.security.web.FilterChainProxy$VirtualFilterChain.doFilter(FilterChainProxy.java:336)
	at org.springframework.security.web.savedrequest.RequestCacheAwareFilter.doFilter(RequestCacheAwareFilter.java:63)
	at org.springframework.security.web.FilterChainProxy$VirtualFilterChain.doFilter(FilterChainProxy.java:336)
	at org.springframework.security.web.authentication.www.BasicAuthenticationFilter.doFilterInternal(BasicAuthenticationFilter.java:149)
	at org.springframework.web.filter.OncePerRequestFilter.doFilter(OncePerRequestFilter.java:119)
	at org.springframework.security.web.FilterChainProxy$VirtualFilterChain.doFilter(FilterChainProxy.java:336)
	at io.github.erp.security.jwt.JWTFilter.doFilter(JWTFilter.java:39)
	at org.springframework.security.web.FilterChainProxy$VirtualFilterChain.doFilter(FilterChainProxy.java:336)
	at org.springframework.web.filter.CorsFilter.doFilterInternal(CorsFilter.java:91)
	at org.springframework.web.filter.OncePerRequestFilter.doFilter(OncePerRequestFilter.java:119)
	at org.springframework.security.web.FilterChainProxy$VirtualFilterChain.doFilter(FilterChainProxy.java:336)
	at org.springframework.security.web.authentication.logout.LogoutFilter.doFilter(LogoutFilter.java:103)
	at org.springframework.security.web.authentication.logout.LogoutFilter.doFilter(LogoutFilter.java:89)
	at org.springframework.security.web.FilterChainProxy$VirtualFilterChain.doFilter(FilterChainProxy.java:336)
	at org.springframework.security.web.header.HeaderWriterFilter.doHeadersAfter(HeaderWriterFilter.java:90)
	at org.springframework.security.web.header.HeaderWriterFilter.doFilterInternal(HeaderWriterFilter.java:75)
	at org.springframework.web.filter.OncePerRequestFilter.doFilter(OncePerRequestFilter.java:119)
	at org.springframework.security.web.FilterChainProxy$VirtualFilterChain.doFilter(FilterChainProxy.java:336)
	at org.springframework.security.web.context.SecurityContextPersistenceFilter.doFilter(SecurityContextPersistenceFilter.java:110)
	at org.springframework.security.web.context.SecurityContextPersistenceFilter.doFilter(SecurityContextPersistenceFilter.java:80)
	at org.springframework.security.web.FilterChainProxy$VirtualFilterChain.doFilter(FilterChainProxy.java:336)
	at org.springframework.security.web.context.request.async.WebAsyncManagerIntegrationFilter.doFilterInternal(WebAsyncManagerIntegrationFilter.java:55)
	at org.springframework.web.filter.OncePerRequestFilter.doFilter(OncePerRequestFilter.java:119)
	at org.springframework.security.web.FilterChainProxy$VirtualFilterChain.doFilter(FilterChainProxy.java:336)
	at org.springframework.security.web.FilterChainProxy.doFilterInternal(FilterChainProxy.java:211)
	at org.springframework.security.web.FilterChainProxy.doFilter(FilterChainProxy.java:183)
	at org.springframework.web.filter.DelegatingFilterProxy.invokeDelegate(DelegatingFilterProxy.java:358)
	at org.springframework.web.filter.DelegatingFilterProxy.doFilter(DelegatingFilterProxy.java:271)
	at io.undertow.servlet.core.ManagedFilter.doFilter(ManagedFilter.java:61)
	at io.undertow.servlet.handlers.FilterHandler$FilterChainImpl.doFilter(FilterHandler.java:131)
	at org.springframework.web.filter.RequestContextFilter.doFilterInternal(RequestContextFilter.java:100)
	at org.springframework.web.filter.OncePerRequestFilter.doFilter(OncePerRequestFilter.java:119)
	at io.undertow.servlet.core.ManagedFilter.doFilter(ManagedFilter.java:61)
	at io.undertow.servlet.handlers.FilterHandler$FilterChainImpl.doFilter(FilterHandler.java:131)
	at org.springframework.web.filter.FormContentFilter.doFilterInternal(FormContentFilter.java:93)
	at org.springframework.web.filter.OncePerRequestFilter.doFilter(OncePerRequestFilter.java:119)
	at io.undertow.servlet.core.ManagedFilter.doFilter(ManagedFilter.java:61)
	at io.undertow.servlet.handlers.FilterHandler$FilterChainImpl.doFilter(FilterHandler.java:131)
	at org.springframework.boot.actuate.metrics.web.servlet.WebMvcMetricsFilter.doFilterInternal(WebMvcMetricsFilter.java:96)
	at org.springframework.web.filter.OncePerRequestFilter.doFilter(OncePerRequestFilter.java:119)
	at io.undertow.servlet.core.ManagedFilter.doFilter(ManagedFilter.java:61)
	at io.undertow.servlet.handlers.FilterHandler$FilterChainImpl.doFilter(FilterHandler.java:131)
	at org.springframework.web.filter.CharacterEncodingFilter.doFilterInternal(CharacterEncodingFilter.java:201)
	at org.springframework.web.filter.OncePerRequestFilter.doFilter(OncePerRequestFilter.java:119)
	at io.undertow.servlet.core.ManagedFilter.doFilter(ManagedFilter.java:61)
	at io.undertow.servlet.handlers.FilterHandler$FilterChainImpl.doFilter(FilterHandler.java:131)
	at io.undertow.servlet.handlers.FilterHandler.handleRequest(FilterHandler.java:84)
	at io.undertow.servlet.handlers.security.ServletSecurityRoleHandler.handleRequest(ServletSecurityRoleHandler.java:62)
	at io.undertow.servlet.handlers.ServletChain$1.handleRequest(ServletChain.java:68)
	at io.undertow.servlet.handlers.ServletDispatchingHandler.handleRequest(ServletDispatchingHandler.java:36)
	at io.undertow.servlet.handlers.RedirectDirHandler.handleRequest(RedirectDirHandler.java:68)
	at io.undertow.servlet.handlers.security.SSLInformationAssociationHandler.handleRequest(SSLInformationAssociationHandler.java:117)
	at io.undertow.servlet.handlers.security.ServletAuthenticationCallHandler.handleRequest(ServletAuthenticationCallHandler.java:57)
	at io.undertow.server.handlers.PredicateHandler.handleRequest(PredicateHandler.java:43)
	at io.undertow.security.handlers.AbstractConfidentialityHandler.handleRequest(AbstractConfidentialityHandler.java:46)
	at io.undertow.servlet.handlers.security.ServletConfidentialityConstraintHandler.handleRequest(ServletConfidentialityConstraintHandler.java:64)
	at io.undertow.security.handlers.AuthenticationMechanismsHandler.handleRequest(AuthenticationMechanismsHandler.java:60)
	at io.undertow.servlet.handlers.security.CachedAuthenticatedSessionHandler.handleRequest(CachedAuthenticatedSessionHandler.java:77)
	at io.undertow.security.handlers.AbstractSecurityContextAssociationHandler.handleRequest(AbstractSecurityContextAssociationHandler.java:43)
	at io.undertow.server.handlers.PredicateHandler.handleRequest(PredicateHandler.java:43)
	at io.undertow.servlet.handlers.SendErrorPageHandler.handleRequest(SendErrorPageHandler.java:52)
	at io.undertow.server.handlers.PredicateHandler.handleRequest(PredicateHandler.java:43)
	at io.undertow.servlet.handlers.ServletInitialHandler.handleFirstRequest(ServletInitialHandler.java:280)
	at io.undertow.servlet.handlers.ServletInitialHandler.access$100(ServletInitialHandler.java:79)
	at io.undertow.servlet.handlers.ServletInitialHandler$2.call(ServletInitialHandler.java:134)
	at io.undertow.servlet.handlers.ServletInitialHandler$2.call(ServletInitialHandler.java:131)
	at io.undertow.servlet.core.ServletRequestContextThreadSetupAction$1.call(ServletRequestContextThreadSetupAction.java:48)
	at io.undertow.servlet.core.ContextClassLoaderSetupAction$1.call(ContextClassLoaderSetupAction.java:43)
	at io.undertow.servlet.handlers.ServletInitialHandler.dispatchRequest(ServletInitialHandler.java:260)
	at io.undertow.servlet.handlers.ServletInitialHandler.access$000(ServletInitialHandler.java:79)
	at io.undertow.servlet.handlers.ServletInitialHandler$1.handleRequest(ServletInitialHandler.java:100)
	at io.undertow.server.Connectors.executeRootHandler(Connectors.java:387)
	at io.undertow.server.HttpServerExchange$1.run(HttpServerExchange.java:852)
	at org.jboss.threads.ContextClassLoaderSavingRunnable.run(ContextClassLoaderSavingRunnable.java:35)
	at org.jboss.threads.EnhancedQueueExecutor.safeRun(EnhancedQueueExecutor.java:2019)
	at org.jboss.threads.EnhancedQueueExecutor$ThreadBody.doRunTask(EnhancedQueueExecutor.java:1558)
	at org.jboss.threads.EnhancedQueueExecutor$ThreadBody.run(EnhancedQueueExecutor.java:1449)
	at org.xnio.XnioWorker$WorkerThreadFactory$1$1.run(XnioWorker.java:1280)
	at java.base/java.lang.Thread.run(Unknown Source)
Caused by: java.lang.IllegalStateException: org.hibernate.TransientPropertyValueException: object references an unsaved transient instance - save the transient instance before flushing : io.github.erp.domain.Payment.paymentCategory -> io.github.erp.domain.PaymentCategory
	at org.hibernate.internal.ExceptionConverterImpl.convert(ExceptionConverterImpl.java:151)
	at org.hibernate.internal.ExceptionConverterImpl.convert(ExceptionConverterImpl.java:181)
	at org.hibernate.internal.ExceptionConverterImpl.convert(ExceptionConverterImpl.java:188)
	at org.hibernate.internal.SessionImpl.doFlush(SessionImpl.java:1366)
	at org.hibernate.internal.SessionImpl.managedFlush(SessionImpl.java:453)
	at org.hibernate.internal.SessionImpl.flushBeforeTransactionCompletion(SessionImpl.java:3212)
	at org.hibernate.internal.SessionImpl.beforeTransactionCompletion(SessionImpl.java:2380)
	at org.hibernate.engine.jdbc.internal.JdbcCoordinatorImpl.beforeTransactionCompletion(JdbcCoordinatorImpl.java:448)
	at org.hibernate.resource.transaction.backend.jdbc.internal.JdbcResourceLocalTransactionCoordinatorImpl.beforeCompletionCallback(JdbcResourceLocalTransactionCoordinatorImpl.java:183)
	at org.hibernate.resource.transaction.backend.jdbc.internal.JdbcResourceLocalTransactionCoordinatorImpl.access$300(JdbcResourceLocalTransactionCoordinatorImpl.java:40)
	at org.hibernate.resource.transaction.backend.jdbc.internal.JdbcResourceLocalTransactionCoordinatorImpl$TransactionDriverControlImpl.commit(JdbcResourceLocalTransactionCoordinatorImpl.java:281)
	at org.hibernate.engine.transaction.internal.TransactionImpl.commit(TransactionImpl.java:101)
	at org.springframework.orm.jpa.JpaTransactionManager.doCommit(JpaTransactionManager.java:562)
	... 134 common frames omitted
Caused by: org.hibernate.TransientPropertyValueException: object references an unsaved transient instance - save the transient instance before flushing : io.github.erp.domain.Payment.paymentCategory -> io.github.erp.domain.PaymentCategory
	at org.hibernate.engine.spi.CascadingActions$8.noCascade(CascadingActions.java:379)
	at org.hibernate.engine.internal.Cascade.cascade(Cascade.java:169)
	at org.hibernate.event.internal.AbstractFlushingEventListener.cascadeOnFlush(AbstractFlushingEventListener.java:159)
	at org.hibernate.event.internal.AbstractFlushingEventListener.prepareEntityFlushes(AbstractFlushingEventListener.java:149)
	at org.hibernate.event.internal.AbstractFlushingEventListener.flushEverythingToExecutions(AbstractFlushingEventListener.java:82)
	at org.hibernate.event.internal.DefaultFlushEventListener.onFlush(DefaultFlushEventListener.java:39)
	at org.hibernate.event.service.internal.EventListenerGroupImpl.fireEventOnEachListener(EventListenerGroupImpl.java:99)
	at org.hibernate.internal.SessionImpl.doFlush(SessionImpl.java:1362)
	... 143 common frames omitted
2021-12-29 06:45:03,982 WARN  [XNIO-1 task-5] RestClient: request [POST http://10.60.27.22:9200/dealer/_search?typed_keys=true&max_concurrent_shard_requests=5&ignore_unavailable=false&expand_wildcards=open&allow_no_indices=true&ignore_throttled=true&search_type=dfs_query_then_fetch&batched_reduce_size=512&ccs_minimize_roundtrips=true] returned 1 warnings: [299 Elasticsearch-7.13.3-5d21bea28db1e89ecc1f66311ebdec9dc3aa7d64 "Elasticsearch built-in security features are not enabled. Without authentication, your cluster could be accessible to anyone. See https://www.elastic.co/guide/en/elasticsearch/reference/7.13/security-minimal-setup.html to enable security."]
2021-12-29 06:45:48,199 WARN  [XNIO-1 task-2] RestClient: request [PUT http://10.60.27.22:9200/payment/_doc/4108?timeout=1m] returned 1 warnings: [299 Elasticsearch-7.13.3-5d21bea28db1e89ecc1f66311ebdec9dc3aa7d64 "Elasticsearch built-in security features are not enabled. Without authentication, your cluster could be accessible to anyone. See https://www.elastic.co/guide/en/elasticsearch/reference/7.13/security-minimal-setup.html to enable security."]
2021-12-29 06:45:48,228 WARN  [XNIO-1 task-2] RestClient: request [POST http://10.60.27.22:9200/payment/_refresh?ignore_throttled=false&ignore_unavailable=false&expand_wildcards=open&allow_no_indices=true] returned 1 warnings: [299 Elasticsearch-7.13.3-5d21bea28db1e89ecc1f66311ebdec9dc3aa7d64 "Elasticsearch built-in security features are not enabled. Without authentication, your cluster could be accessible to anyone. See https://www.elastic.co/guide/en/elasticsearch/reference/7.13/security-minimal-setup.html to enable security."]
2021-12-29 06:45:48,603 WARN  [XNIO-1 task-2] RestClient: request [PUT http://10.60.27.22:9200/signedpayment/_doc/4156?timeout=1m] returned 1 warnings: [299 Elasticsearch-7.13.3-5d21bea28db1e89ecc1f66311ebdec9dc3aa7d64 "Elasticsearch built-in security features are not enabled. Without authentication, your cluster could be accessible to anyone. See https://www.elastic.co/guide/en/elasticsearch/reference/7.13/security-minimal-setup.html to enable security."]
2021-12-29 06:45:48,650 WARN  [XNIO-1 task-4] RestClient: request [POST http://10.60.27.22:9200/dealer/_search?typed_keys=true&max_concurrent_shard_requests=5&ignore_unavailable=false&expand_wildcards=open&allow_no_indices=true&ignore_throttled=true&search_type=dfs_query_then_fetch&batched_reduce_size=512&ccs_minimize_roundtrips=true] returned 1 warnings: [299 Elasticsearch-7.13.3-5d21bea28db1e89ecc1f66311ebdec9dc3aa7d64 "Elasticsearch built-in security features are not enabled. Without authentication, your cluster could be accessible to anyone. See https://www.elastic.co/guide/en/elasticsearch/reference/7.13/security-minimal-setup.html to enable security."]
2021-12-29 06:45:48,650 WARN  [XNIO-1 task-2] RestClient: request [POST http://10.60.27.22:9200/signedpayment/_refresh?ignore_throttled=false&ignore_unavailable=false&expand_wildcards=open&allow_no_indices=true] returned 1 warnings: [299 Elasticsearch-7.13.3-5d21bea28db1e89ecc1f66311ebdec9dc3aa7d64 "Elasticsearch built-in security features are not enabled. Without authentication, your cluster could be accessible to anyone. See https://www.elastic.co/guide/en/elasticsearch/reference/7.13/security-minimal-setup.html to enable security."]
2021-12-29 06:47:56,192 WARN  [XNIO-1 task-2] RestClient: request [POST http://10.60.27.22:9200/dealer/_search?typed_keys=true&max_concurrent_shard_requests=5&ignore_unavailable=false&expand_wildcards=open&allow_no_indices=true&ignore_throttled=true&search_type=dfs_query_then_fetch&batched_reduce_size=512&ccs_minimize_roundtrips=true] returned 1 warnings: [299 Elasticsearch-7.13.3-5d21bea28db1e89ecc1f66311ebdec9dc3aa7d64 "Elasticsearch built-in security features are not enabled. Without authentication, your cluster could be accessible to anyone. See https://www.elastic.co/guide/en/elasticsearch/reference/7.13/security-minimal-setup.html to enable security."]
2021-12-29 06:49:35,870 WARN  [XNIO-1 task-2] RestClient: request [PUT http://10.60.27.22:9200/dealer/_doc/4201?timeout=1m] returned 1 warnings: [299 Elasticsearch-7.13.3-5d21bea28db1e89ecc1f66311ebdec9dc3aa7d64 "Elasticsearch built-in security features are not enabled. Without authentication, your cluster could be accessible to anyone. See https://www.elastic.co/guide/en/elasticsearch/reference/7.13/security-minimal-setup.html to enable security."]
2021-12-29 06:49:35,895 WARN  [XNIO-1 task-2] RestClient: request [POST http://10.60.27.22:9200/dealer/_refresh?ignore_throttled=false&ignore_unavailable=false&expand_wildcards=open&allow_no_indices=true] returned 1 warnings: [299 Elasticsearch-7.13.3-5d21bea28db1e89ecc1f66311ebdec9dc3aa7d64 "Elasticsearch built-in security features are not enabled. Without authentication, your cluster could be accessible to anyone. See https://www.elastic.co/guide/en/elasticsearch/reference/7.13/security-minimal-setup.html to enable security."]
2021-12-29 06:49:36,388 WARN  [XNIO-1 task-2] RestClient: request [POST http://10.60.27.22:9200/dealer/_search?typed_keys=true&max_concurrent_shard_requests=5&ignore_unavailable=false&expand_wildcards=open&allow_no_indices=true&ignore_throttled=true&search_type=dfs_query_then_fetch&batched_reduce_size=512&ccs_minimize_roundtrips=true] returned 1 warnings: [299 Elasticsearch-7.13.3-5d21bea28db1e89ecc1f66311ebdec9dc3aa7d64 "Elasticsearch built-in security features are not enabled. Without authentication, your cluster could be accessible to anyone. See https://www.elastic.co/guide/en/elasticsearch/reference/7.13/security-minimal-setup.html to enable security."]
2021-12-29 06:49:44,041 WARN  [XNIO-1 task-2] RestClient: request [POST http://10.60.27.22:9200/dealer/_search?typed_keys=true&max_concurrent_shard_requests=5&ignore_unavailable=false&expand_wildcards=open&allow_no_indices=true&ignore_throttled=true&search_type=dfs_query_then_fetch&batched_reduce_size=512&ccs_minimize_roundtrips=true] returned 1 warnings: [299 Elasticsearch-7.13.3-5d21bea28db1e89ecc1f66311ebdec9dc3aa7d64 "Elasticsearch built-in security features are not enabled. Without authentication, your cluster could be accessible to anyone. See https://www.elastic.co/guide/en/elasticsearch/reference/7.13/security-minimal-setup.html to enable security."]
2021-12-29 06:49:51,906 WARN  [XNIO-1 task-2] RestClient: request [POST http://10.60.27.22:9200/dealer/_search?typed_keys=true&max_concurrent_shard_requests=5&ignore_unavailable=false&expand_wildcards=open&allow_no_indices=true&ignore_throttled=true&search_type=dfs_query_then_fetch&batched_reduce_size=512&ccs_minimize_roundtrips=true] returned 1 warnings: [299 Elasticsearch-7.13.3-5d21bea28db1e89ecc1f66311ebdec9dc3aa7d64 "Elasticsearch built-in security features are not enabled. Without authentication, your cluster could be accessible to anyone. See https://www.elastic.co/guide/en/elasticsearch/reference/7.13/security-minimal-setup.html to enable security."]
2021-12-29 06:50:31,595 WARN  [XNIO-1 task-2] RestClient: request [PUT http://10.60.27.22:9200/invoice/_doc/4055?timeout=1m] returned 1 warnings: [299 Elasticsearch-7.13.3-5d21bea28db1e89ecc1f66311ebdec9dc3aa7d64 "Elasticsearch built-in security features are not enabled. Without authentication, your cluster could be accessible to anyone. See https://www.elastic.co/guide/en/elasticsearch/reference/7.13/security-minimal-setup.html to enable security."]
2021-12-29 06:50:31,622 WARN  [XNIO-1 task-2] RestClient: request [POST http://10.60.27.22:9200/invoice/_refresh?ignore_throttled=false&ignore_unavailable=false&expand_wildcards=open&allow_no_indices=true] returned 1 warnings: [299 Elasticsearch-7.13.3-5d21bea28db1e89ecc1f66311ebdec9dc3aa7d64 "Elasticsearch built-in security features are not enabled. Without authentication, your cluster could be accessible to anyone. See https://www.elastic.co/guide/en/elasticsearch/reference/7.13/security-minimal-setup.html to enable security."]
2021-12-29 06:51:11,209 WARN  [XNIO-1 task-1] RestClient: request [PUT http://10.60.27.22:9200/payment/_doc/4109?timeout=1m] returned 1 warnings: [299 Elasticsearch-7.13.3-5d21bea28db1e89ecc1f66311ebdec9dc3aa7d64 "Elasticsearch built-in security features are not enabled. Without authentication, your cluster could be accessible to anyone. See https://www.elastic.co/guide/en/elasticsearch/reference/7.13/security-minimal-setup.html to enable security."]
2021-12-29 06:51:11,237 WARN  [XNIO-1 task-1] RestClient: request [POST http://10.60.27.22:9200/payment/_refresh?ignore_throttled=false&ignore_unavailable=false&expand_wildcards=open&allow_no_indices=true] returned 1 warnings: [299 Elasticsearch-7.13.3-5d21bea28db1e89ecc1f66311ebdec9dc3aa7d64 "Elasticsearch built-in security features are not enabled. Without authentication, your cluster could be accessible to anyone. See https://www.elastic.co/guide/en/elasticsearch/reference/7.13/security-minimal-setup.html to enable security."]
2021-12-29 06:51:11,606 WARN  [XNIO-1 task-1] RestClient: request [PUT http://10.60.27.22:9200/invoice/_doc/4055?timeout=1m] returned 1 warnings: [299 Elasticsearch-7.13.3-5d21bea28db1e89ecc1f66311ebdec9dc3aa7d64 "Elasticsearch built-in security features are not enabled. Without authentication, your cluster could be accessible to anyone. See https://www.elastic.co/guide/en/elasticsearch/reference/7.13/security-minimal-setup.html to enable security."]
2021-12-29 06:51:11,633 WARN  [XNIO-1 task-1] RestClient: request [POST http://10.60.27.22:9200/invoice/_refresh?ignore_throttled=false&ignore_unavailable=false&expand_wildcards=open&allow_no_indices=true] returned 1 warnings: [299 Elasticsearch-7.13.3-5d21bea28db1e89ecc1f66311ebdec9dc3aa7d64 "Elasticsearch built-in security features are not enabled. Without authentication, your cluster could be accessible to anyone. See https://www.elastic.co/guide/en/elasticsearch/reference/7.13/security-minimal-setup.html to enable security."]
2021-12-29 06:51:11,985 WARN  [XNIO-1 task-1] RestClient: request [PUT http://10.60.27.22:9200/signedpayment/_doc/4157?timeout=1m] returned 1 warnings: [299 Elasticsearch-7.13.3-5d21bea28db1e89ecc1f66311ebdec9dc3aa7d64 "Elasticsearch built-in security features are not enabled. Without authentication, your cluster could be accessible to anyone. See https://www.elastic.co/guide/en/elasticsearch/reference/7.13/security-minimal-setup.html to enable security."]
2021-12-29 06:51:12,062 WARN  [XNIO-1 task-1] RestClient: request [POST http://10.60.27.22:9200/signedpayment/_refresh?ignore_throttled=false&ignore_unavailable=false&expand_wildcards=open&allow_no_indices=true] returned 1 warnings: [299 Elasticsearch-7.13.3-5d21bea28db1e89ecc1f66311ebdec9dc3aa7d64 "Elasticsearch built-in security features are not enabled. Without authentication, your cluster could be accessible to anyone. See https://www.elastic.co/guide/en/elasticsearch/reference/7.13/security-minimal-setup.html to enable security."]
2021-12-29 10:19:14,038 WARN  [XNIO-1 task-1] PoolBase: Hikari - Failed to validate connection org.postgresql.jdbc.PgConnection@1c5f49e6 (This connection has been closed.). Possibly consider using a shorter maxLifetime value.
2021-12-29 10:19:14,040 WARN  [XNIO-1 task-1] PoolBase: Hikari - Failed to validate connection org.postgresql.jdbc.PgConnection@46efdcd4 (This connection has been closed.). Possibly consider using a shorter maxLifetime value.
2021-12-29 10:19:14,041 WARN  [XNIO-1 task-1] PoolBase: Hikari - Failed to validate connection org.postgresql.jdbc.PgConnection@67f059aa (This connection has been closed.). Possibly consider using a shorter maxLifetime value.
2021-12-29 10:19:14,043 WARN  [XNIO-1 task-1] PoolBase: Hikari - Failed to validate connection org.postgresql.jdbc.PgConnection@1863ccb (This connection has been closed.). Possibly consider using a shorter maxLifetime value.
2021-12-29 10:19:14,044 WARN  [XNIO-1 task-1] PoolBase: Hikari - Failed to validate connection org.postgresql.jdbc.PgConnection@238ef554 (This connection has been closed.). Possibly consider using a shorter maxLifetime value.
2021-12-29 10:19:14,046 WARN  [XNIO-1 task-1] PoolBase: Hikari - Failed to validate connection org.postgresql.jdbc.PgConnection@1b3f948d (This connection has been closed.). Possibly consider using a shorter maxLifetime value.
2021-12-29 10:19:14,047 WARN  [XNIO-1 task-1] PoolBase: Hikari - Failed to validate connection org.postgresql.jdbc.PgConnection@7ee7a349 (This connection has been closed.). Possibly consider using a shorter maxLifetime value.
2021-12-29 10:19:14,048 WARN  [XNIO-1 task-1] PoolBase: Hikari - Failed to validate connection org.postgresql.jdbc.PgConnection@4eb7b83a (This connection has been closed.). Possibly consider using a shorter maxLifetime value.
2021-12-29 10:19:14,050 WARN  [XNIO-1 task-1] PoolBase: Hikari - Failed to validate connection org.postgresql.jdbc.PgConnection@1a47d0ed (This connection has been closed.). Possibly consider using a shorter maxLifetime value.
2021-12-29 10:19:14,051 WARN  [XNIO-1 task-1] PoolBase: Hikari - Failed to validate connection org.postgresql.jdbc.PgConnection@7d3bb4d4 (This connection has been closed.). Possibly consider using a shorter maxLifetime value.
2021-12-29 10:22:29,077 WARN  [XNIO-1 task-1] RestClient: request [POST http://10.60.27.22:9200/invoice/_search?typed_keys=true&max_concurrent_shard_requests=5&ignore_unavailable=false&expand_wildcards=open&allow_no_indices=true&ignore_throttled=true&search_type=dfs_query_then_fetch&batched_reduce_size=512&ccs_minimize_roundtrips=true] returned 1 warnings: [299 Elasticsearch-7.13.3-5d21bea28db1e89ecc1f66311ebdec9dc3aa7d64 "Elasticsearch built-in security features are not enabled. Without authentication, your cluster could be accessible to anyone. See https://www.elastic.co/guide/en/elasticsearch/reference/7.13/security-minimal-setup.html to enable security."]
2021-12-29 10:22:32,309 WARN  [XNIO-1 task-1] RestClient: request [POST http://10.60.27.22:9200/invoice/_search?typed_keys=true&max_concurrent_shard_requests=5&ignore_unavailable=false&expand_wildcards=open&allow_no_indices=true&ignore_throttled=true&search_type=dfs_query_then_fetch&batched_reduce_size=512&ccs_minimize_roundtrips=true] returned 1 warnings: [299 Elasticsearch-7.13.3-5d21bea28db1e89ecc1f66311ebdec9dc3aa7d64 "Elasticsearch built-in security features are not enabled. Without authentication, your cluster could be accessible to anyone. See https://www.elastic.co/guide/en/elasticsearch/reference/7.13/security-minimal-setup.html to enable security."]
2021-12-29 10:22:33,582 WARN  [XNIO-1 task-1] RestClient: request [POST http://10.60.27.22:9200/invoice/_search?typed_keys=true&max_concurrent_shard_requests=5&ignore_unavailable=false&expand_wildcards=open&allow_no_indices=true&ignore_throttled=true&search_type=dfs_query_then_fetch&batched_reduce_size=512&ccs_minimize_roundtrips=true] returned 1 warnings: [299 Elasticsearch-7.13.3-5d21bea28db1e89ecc1f66311ebdec9dc3aa7d64 "Elasticsearch built-in security features are not enabled. Without authentication, your cluster could be accessible to anyone. See https://www.elastic.co/guide/en/elasticsearch/reference/7.13/security-minimal-setup.html to enable security."]
2021-12-29 10:22:38,482 WARN  [XNIO-1 task-1] RestClient: request [POST http://10.60.27.22:9200/invoice/_search?typed_keys=true&max_concurrent_shard_requests=5&ignore_unavailable=false&expand_wildcards=open&allow_no_indices=true&ignore_throttled=true&search_type=dfs_query_then_fetch&batched_reduce_size=512&ccs_minimize_roundtrips=true] returned 1 warnings: [299 Elasticsearch-7.13.3-5d21bea28db1e89ecc1f66311ebdec9dc3aa7d64 "Elasticsearch built-in security features are not enabled. Without authentication, your cluster could be accessible to anyone. See https://www.elastic.co/guide/en/elasticsearch/reference/7.13/security-minimal-setup.html to enable security."]
2021-12-29 10:22:44,752 WARN  [XNIO-1 task-1] RestClient: request [POST http://10.60.27.22:9200/invoice/_search?typed_keys=true&max_concurrent_shard_requests=5&ignore_unavailable=false&expand_wildcards=open&allow_no_indices=true&ignore_throttled=true&search_type=dfs_query_then_fetch&batched_reduce_size=512&ccs_minimize_roundtrips=true] returned 1 warnings: [299 Elasticsearch-7.13.3-5d21bea28db1e89ecc1f66311ebdec9dc3aa7d64 "Elasticsearch built-in security features are not enabled. Without authentication, your cluster could be accessible to anyone. See https://www.elastic.co/guide/en/elasticsearch/reference/7.13/security-minimal-setup.html to enable security."]
