2021-12-07 00:59:53,960 WARN  [MessageBroker-3] PoolBase: Hikari - Failed to validate connection org.postgresql.jdbc.PgConnection@5bcacae5 (This connection has been closed.). Possibly consider using a shorter maxLifetime value.
2021-12-07 00:59:53,966 WARN  [MessageBroker-3] PoolBase: Hikari - Failed to validate connection org.postgresql.jdbc.PgConnection@39d1f01a (This connection has been closed.). Possibly consider using a shorter maxLifetime value.
2021-12-07 00:59:53,968 WARN  [MessageBroker-3] PoolBase: Hikari - Failed to validate connection org.postgresql.jdbc.PgConnection@1a086c42 (This connection has been closed.). Possibly consider using a shorter maxLifetime value.
2021-12-07 00:59:53,971 WARN  [MessageBroker-3] PoolBase: Hikari - Failed to validate connection org.postgresql.jdbc.PgConnection@51f1b588 (This connection has been closed.). Possibly consider using a shorter maxLifetime value.
2021-12-07 00:59:53,973 WARN  [MessageBroker-3] PoolBase: Hikari - Failed to validate connection org.postgresql.jdbc.PgConnection@635713ec (This connection has been closed.). Possibly consider using a shorter maxLifetime value.
2021-12-07 00:59:53,975 WARN  [MessageBroker-3] PoolBase: Hikari - Failed to validate connection org.postgresql.jdbc.PgConnection@55b06ebc (This connection has been closed.). Possibly consider using a shorter maxLifetime value.
2021-12-07 00:59:53,978 WARN  [MessageBroker-3] PoolBase: Hikari - Failed to validate connection org.postgresql.jdbc.PgConnection@c036234 (This connection has been closed.). Possibly consider using a shorter maxLifetime value.
2021-12-07 00:59:53,980 WARN  [MessageBroker-3] PoolBase: Hikari - Failed to validate connection org.postgresql.jdbc.PgConnection@5082cbc9 (This connection has been closed.). Possibly consider using a shorter maxLifetime value.
2021-12-07 00:59:53,980 WARN  [MessageBroker-3] PoolBase: Hikari - Failed to validate connection org.postgresql.jdbc.PgConnection@b916a46 (This connection has been closed.). Possibly consider using a shorter maxLifetime value.
2021-12-07 00:59:53,982 WARN  [MessageBroker-3] PoolBase: Hikari - Failed to validate connection org.postgresql.jdbc.PgConnection@5d022006 (This connection has been closed.). Possibly consider using a shorter maxLifetime value.
2021-12-07 05:22:52,945 WARN  [XNIO-1 task-3] AdviceTraits: Unauthorized: Full authentication is required to access this resource
2021-12-07 05:23:49,735 WARN  [XNIO-1 task-5] AdviceTraits: Unauthorized: Full authentication is required to access this resource
2021-12-07 05:23:49,900 WARN  [XNIO-1 task-3] AdviceTraits: Unauthorized: Full authentication is required to access this resource
2021-12-07 05:47:53,989 WARN  [XNIO-1 task-3] AdviceTraits: Unauthorized: Full authentication is required to access this resource
2021-12-07 05:48:07,541 WARN  [XNIO-1 task-3] PoolBase: Hikari - Failed to validate connection org.postgresql.jdbc.PgConnection@40b614d9 (This connection has been closed.). Possibly consider using a shorter maxLifetime value.
2021-12-07 05:48:07,545 WARN  [XNIO-1 task-3] PoolBase: Hikari - Failed to validate connection org.postgresql.jdbc.PgConnection@18a5a9b5 (This connection has been closed.). Possibly consider using a shorter maxLifetime value.
2021-12-07 05:48:07,548 WARN  [XNIO-1 task-3] PoolBase: Hikari - Failed to validate connection org.postgresql.jdbc.PgConnection@7e5ebbba (This connection has been closed.). Possibly consider using a shorter maxLifetime value.
2021-12-07 05:48:07,551 WARN  [XNIO-1 task-3] PoolBase: Hikari - Failed to validate connection org.postgresql.jdbc.PgConnection@e3e6874 (This connection has been closed.). Possibly consider using a shorter maxLifetime value.
2021-12-07 05:48:07,552 WARN  [XNIO-1 task-3] PoolBase: Hikari - Failed to validate connection org.postgresql.jdbc.PgConnection@1aa2a78a (This connection has been closed.). Possibly consider using a shorter maxLifetime value.
2021-12-07 05:48:07,553 WARN  [XNIO-1 task-3] PoolBase: Hikari - Failed to validate connection org.postgresql.jdbc.PgConnection@2f7f4d6a (This connection has been closed.). Possibly consider using a shorter maxLifetime value.
2021-12-07 05:48:07,554 WARN  [XNIO-1 task-3] PoolBase: Hikari - Failed to validate connection org.postgresql.jdbc.PgConnection@24f7a054 (This connection has been closed.). Possibly consider using a shorter maxLifetime value.
2021-12-07 05:48:07,555 WARN  [XNIO-1 task-3] PoolBase: Hikari - Failed to validate connection org.postgresql.jdbc.PgConnection@59f71176 (This connection has been closed.). Possibly consider using a shorter maxLifetime value.
2021-12-07 05:48:07,559 WARN  [XNIO-1 task-3] PoolBase: Hikari - Failed to validate connection org.postgresql.jdbc.PgConnection@56667335 (This connection has been closed.). Possibly consider using a shorter maxLifetime value.
2021-12-07 05:48:07,560 WARN  [XNIO-1 task-3] PoolBase: Hikari - Failed to validate connection org.postgresql.jdbc.PgConnection@3a7708e (This connection has been closed.). Possibly consider using a shorter maxLifetime value.
2021-12-07 06:00:36,625 WARN  [XNIO-1 task-5] PoolBase: Hikari - Failed to validate connection org.postgresql.jdbc.PgConnection@4b9be873 (This connection has been closed.). Possibly consider using a shorter maxLifetime value.
2021-12-07 06:00:36,628 WARN  [XNIO-1 task-5] PoolBase: Hikari - Failed to validate connection org.postgresql.jdbc.PgConnection@591f6b6c (This connection has been closed.). Possibly consider using a shorter maxLifetime value.
2021-12-07 06:00:36,630 WARN  [XNIO-1 task-5] PoolBase: Hikari - Failed to validate connection org.postgresql.jdbc.PgConnection@42ccf22 (This connection has been closed.). Possibly consider using a shorter maxLifetime value.
2021-12-07 06:00:36,633 WARN  [XNIO-1 task-5] PoolBase: Hikari - Failed to validate connection org.postgresql.jdbc.PgConnection@10e077a4 (This connection has been closed.). Possibly consider using a shorter maxLifetime value.
2021-12-07 06:00:36,635 WARN  [XNIO-1 task-5] PoolBase: Hikari - Failed to validate connection org.postgresql.jdbc.PgConnection@573bc83b (This connection has been closed.). Possibly consider using a shorter maxLifetime value.
2021-12-07 06:00:36,638 WARN  [XNIO-1 task-5] PoolBase: Hikari - Failed to validate connection org.postgresql.jdbc.PgConnection@755d8dbb (This connection has been closed.). Possibly consider using a shorter maxLifetime value.
2021-12-07 06:00:36,641 WARN  [XNIO-1 task-5] PoolBase: Hikari - Failed to validate connection org.postgresql.jdbc.PgConnection@17ea09ed (This connection has been closed.). Possibly consider using a shorter maxLifetime value.
2021-12-07 06:00:36,644 WARN  [XNIO-1 task-5] PoolBase: Hikari - Failed to validate connection org.postgresql.jdbc.PgConnection@42411e3 (This connection has been closed.). Possibly consider using a shorter maxLifetime value.
2021-12-07 06:00:36,646 WARN  [XNIO-1 task-5] PoolBase: Hikari - Failed to validate connection org.postgresql.jdbc.PgConnection@dd77b4c (This connection has been closed.). Possibly consider using a shorter maxLifetime value.
2021-12-07 06:00:36,650 WARN  [XNIO-1 task-5] PoolBase: Hikari - Failed to validate connection org.postgresql.jdbc.PgConnection@147e0f18 (This connection has been closed.). Possibly consider using a shorter maxLifetime value.
2021-12-07 07:44:30,471 WARN  [XNIO-1 task-5] PoolBase: Hikari - Failed to validate connection org.postgresql.jdbc.PgConnection@30b3fa3f (This connection has been closed.). Possibly consider using a shorter maxLifetime value.
2021-12-07 07:44:30,473 WARN  [XNIO-1 task-5] PoolBase: Hikari - Failed to validate connection org.postgresql.jdbc.PgConnection@4a81e889 (This connection has been closed.). Possibly consider using a shorter maxLifetime value.
2021-12-07 07:44:30,474 WARN  [XNIO-1 task-5] PoolBase: Hikari - Failed to validate connection org.postgresql.jdbc.PgConnection@3c25f779 (This connection has been closed.). Possibly consider using a shorter maxLifetime value.
2021-12-07 07:44:30,475 WARN  [XNIO-1 task-5] PoolBase: Hikari - Failed to validate connection org.postgresql.jdbc.PgConnection@13e880c0 (This connection has been closed.). Possibly consider using a shorter maxLifetime value.
2021-12-07 07:44:30,476 WARN  [XNIO-1 task-5] PoolBase: Hikari - Failed to validate connection org.postgresql.jdbc.PgConnection@70d541b0 (This connection has been closed.). Possibly consider using a shorter maxLifetime value.
2021-12-07 07:44:30,478 WARN  [XNIO-1 task-5] PoolBase: Hikari - Failed to validate connection org.postgresql.jdbc.PgConnection@35553a83 (This connection has been closed.). Possibly consider using a shorter maxLifetime value.
2021-12-07 07:44:30,481 WARN  [XNIO-1 task-5] PoolBase: Hikari - Failed to validate connection org.postgresql.jdbc.PgConnection@26588d6f (This connection has been closed.). Possibly consider using a shorter maxLifetime value.
2021-12-07 07:44:30,483 WARN  [XNIO-1 task-5] PoolBase: Hikari - Failed to validate connection org.postgresql.jdbc.PgConnection@71e1e7e4 (This connection has been closed.). Possibly consider using a shorter maxLifetime value.
2021-12-07 07:44:30,485 WARN  [XNIO-1 task-5] PoolBase: Hikari - Failed to validate connection org.postgresql.jdbc.PgConnection@2b63f0a9 (This connection has been closed.). Possibly consider using a shorter maxLifetime value.
2021-12-07 07:44:30,487 WARN  [XNIO-1 task-5] PoolBase: Hikari - Failed to validate connection org.postgresql.jdbc.PgConnection@37fe5664 (This connection has been closed.). Possibly consider using a shorter maxLifetime value.
2021-12-07 07:44:34,537 WARN  [XNIO-1 task-5] RestClient: request [POST http://10.60.27.22:9200/dealer/_search?typed_keys=true&max_concurrent_shard_requests=5&ignore_unavailable=false&expand_wildcards=open&allow_no_indices=true&ignore_throttled=true&search_type=dfs_query_then_fetch&batched_reduce_size=512&ccs_minimize_roundtrips=true] returned 1 warnings: [299 Elasticsearch-7.13.3-5d21bea28db1e89ecc1f66311ebdec9dc3aa7d64 "Elasticsearch built-in security features are not enabled. Without authentication, your cluster could be accessible to anyone. See https://www.elastic.co/guide/en/elasticsearch/reference/7.13/security-minimal-setup.html to enable security."]
2021-12-07 09:01:12,095 WARN  [XNIO-1 task-3] PoolBase: Hikari - Failed to validate connection org.postgresql.jdbc.PgConnection@721d8a52 (This connection has been closed.). Possibly consider using a shorter maxLifetime value.
2021-12-07 09:01:12,098 WARN  [XNIO-1 task-3] PoolBase: Hikari - Failed to validate connection org.postgresql.jdbc.PgConnection@5c0f9588 (This connection has been closed.). Possibly consider using a shorter maxLifetime value.
2021-12-07 09:01:12,100 WARN  [XNIO-1 task-3] PoolBase: Hikari - Failed to validate connection org.postgresql.jdbc.PgConnection@63224096 (This connection has been closed.). Possibly consider using a shorter maxLifetime value.
2021-12-07 09:01:12,103 WARN  [XNIO-1 task-3] PoolBase: Hikari - Failed to validate connection org.postgresql.jdbc.PgConnection@7df309ba (This connection has been closed.). Possibly consider using a shorter maxLifetime value.
2021-12-07 09:01:12,105 WARN  [XNIO-1 task-3] PoolBase: Hikari - Failed to validate connection org.postgresql.jdbc.PgConnection@1750ea99 (This connection has been closed.). Possibly consider using a shorter maxLifetime value.
2021-12-07 09:01:12,107 WARN  [XNIO-1 task-3] PoolBase: Hikari - Failed to validate connection org.postgresql.jdbc.PgConnection@37538e2e (This connection has been closed.). Possibly consider using a shorter maxLifetime value.
2021-12-07 09:01:12,109 WARN  [XNIO-1 task-3] PoolBase: Hikari - Failed to validate connection org.postgresql.jdbc.PgConnection@46845ea2 (This connection has been closed.). Possibly consider using a shorter maxLifetime value.
2021-12-07 09:01:12,111 WARN  [XNIO-1 task-3] PoolBase: Hikari - Failed to validate connection org.postgresql.jdbc.PgConnection@23df2111 (This connection has been closed.). Possibly consider using a shorter maxLifetime value.
2021-12-07 09:01:12,113 WARN  [XNIO-1 task-3] PoolBase: Hikari - Failed to validate connection org.postgresql.jdbc.PgConnection@33cb03d1 (This connection has been closed.). Possibly consider using a shorter maxLifetime value.
2021-12-07 09:01:12,116 WARN  [XNIO-1 task-3] PoolBase: Hikari - Failed to validate connection org.postgresql.jdbc.PgConnection@1842d978 (This connection has been closed.). Possibly consider using a shorter maxLifetime value.
2021-12-07 09:01:20,084 WARN  [XNIO-1 task-3] RestClient: request [POST http://10.60.27.22:9200/dealer/_search?typed_keys=true&max_concurrent_shard_requests=5&ignore_unavailable=false&expand_wildcards=open&allow_no_indices=true&ignore_throttled=true&search_type=dfs_query_then_fetch&batched_reduce_size=512&ccs_minimize_roundtrips=true] returned 1 warnings: [299 Elasticsearch-7.13.3-5d21bea28db1e89ecc1f66311ebdec9dc3aa7d64 "Elasticsearch built-in security features are not enabled. Without authentication, your cluster could be accessible to anyone. See https://www.elastic.co/guide/en/elasticsearch/reference/7.13/security-minimal-setup.html to enable security."]
2021-12-07 09:05:42,019 WARN  [XNIO-1 task-5] RestClient: request [PUT http://10.60.27.22:9200/payment/_doc/3056?timeout=1m] returned 1 warnings: [299 Elasticsearch-7.13.3-5d21bea28db1e89ecc1f66311ebdec9dc3aa7d64 "Elasticsearch built-in security features are not enabled. Without authentication, your cluster could be accessible to anyone. See https://www.elastic.co/guide/en/elasticsearch/reference/7.13/security-minimal-setup.html to enable security."]
2021-12-07 09:05:42,046 WARN  [XNIO-1 task-5] RestClient: request [POST http://10.60.27.22:9200/payment/_refresh?ignore_throttled=false&ignore_unavailable=false&expand_wildcards=open&allow_no_indices=true] returned 1 warnings: [299 Elasticsearch-7.13.3-5d21bea28db1e89ecc1f66311ebdec9dc3aa7d64 "Elasticsearch built-in security features are not enabled. Without authentication, your cluster could be accessible to anyone. See https://www.elastic.co/guide/en/elasticsearch/reference/7.13/security-minimal-setup.html to enable security."]
